<?xml version="1.0" encoding="UTF-8"?>
<!-- Generated by org.testng.reporters.JUnitReportReporter -->
<testsuite skipped="0" hostname="DESKTOP-K22EJK9" name="com.testing.runner.TestRun" tests="1" failures="0" timestamp="2022-02-12T06:30:43 GMT-11:00" time="0.286" errors="0">
  <testcase name="runScenario" time="0.286" classname="com.testing.runner.TestRun"/>
  <system-out/>
</testsuite> <!-- com.testing.runner.TestRun -->
